<?xml version="1.0" encoding="UTF-8"?>
<!-- Generated by org.testng.reporters.JUnitReportReporter -->
<testsuite hostname="Mandvi" failures="0" tests="1" name="tests.SignUpTest" time="8.543" errors="0" timestamp="2024-12-27T19:27:52 IST" skipped="0">
  <testcase classname="tests.SignUpTest" name="validSignUp" time="8.543"/>
</testsuite> <!-- tests.SignUpTest -->
