<?xml version="1.0" encoding="UTF-8"?>
<!-- Generated by org.testng.reporters.JUnitReportReporter -->
<testsuite hostname="Mandvi" failures="0" tests="2" name="tests.LoginTest" time="3.911" errors="0" timestamp="2024-12-25T20:31:33 IST" skipped="0">
  <testcase classname="tests.LoginTest" name="testValidLogin" time="1.852"/>
  <testcase classname="tests.LoginTest" name="testInvalidLogin" time="2.059"/>
</testsuite> <!-- tests.LoginTest -->
